<?xml version="1.0" encoding="UTF-8"?>
<!-- Generated by org.testng.reporters.JUnitReportReporter -->
<testsuite hostname="Lenovo" failures="0" tests="3" name="com.AutomationPractice.qa.Util.TestNGWorkingFlow" time="0.006" errors="0" timestamp="2023-05-26T19:21:34 IST" skipped="0">
  <testcase classname="com.AutomationPractice.qa.Util.TestNGWorkingFlow" name="test2" time="0.002"/>
  <system-out/>
  <testcase classname="com.AutomationPractice.qa.Util.TestNGWorkingFlow" name="test1" time="0.003"/>
  <system-out/>
  <testcase classname="com.AutomationPractice.qa.Util.TestNGWorkingFlow" name="test3" time="0.001"/>
  <system-out/>
</testsuite> <!-- com.AutomationPractice.qa.Util.TestNGWorkingFlow -->
