<?xml version="1.0" encoding="UTF-8"?>
<!-- Generated by org.testng.reporters.JUnitReportReporter -->
<testsuite hostname="Lenovo" failures="0" tests="2" name="com.qa.testcases.VerifyTheTestcases" time="0.017" errors="0" timestamp="2023-06-07T16:29:41 IST" skipped="0">
  <testcase classname="com.qa.testcases.VerifyTheTestcases" name="verifyTheHeadersNameList" time="0.013"/>
  <system-out/>
  <testcase classname="com.qa.testcases.VerifyTheTestcases" name="verifyTheAddToCardModule" time="0.004"/>
  <system-out/>
</testsuite> <!-- com.qa.testcases.VerifyTheTestcases -->
