<?xml version="1.0" encoding="UTF-8"?>
<!-- Generated by org.testng.reporters.JUnitReportReporter -->
<testsuite hostname="Lenovo" failures="0" tests="1" name="com.qa.testcases.ChromeDriverClass" time="4.476" errors="0" timestamp="2023-06-06T12:30:06 IST" skipped="0">
  <testcase classname="com.qa.testcases.ChromeDriverClass" name="test1" time="4.476"/>
  <system-out/>
</testsuite> <!-- com.qa.testcases.ChromeDriverClass -->
