<?xml version="1.0" encoding="UTF-8"?>
<!-- Generated by org.testng.reporters.JUnitReportReporter -->
<testsuite hostname="Lenovo" failures="0" tests="1" name="com.AutomationPractice.qa.Util.Demo_TestNG" time="4.377" errors="0" timestamp="2023-05-30T22:46:41 IST" skipped="0">
  <testcase classname="com.AutomationPractice.qa.Util.Demo_TestNG" name="verify_The_AttrributeMethod" time="4.377"/>
  <system-out/>
</testsuite> <!-- com.AutomationPractice.qa.Util.Demo_TestNG -->
